0 info it worked if it ends with ok
1 verbose cli [ 'C:\\Program Files\\nodejs\\\\node.exe',
1 verbose cli   'C:\\Program Files\\nodejs\\node_modules\\npm\\bin\\npm-cli.js',
1 verbose cli   'publish' ]
2 info using npm@1.4.23
3 info using node@v0.10.31
4 verbose node symlink C:\Program Files\nodejs\\node.exe
5 verbose publish [ '.' ]
6 verbose cache add [ '.', null ]
7 verbose cache add name=undefined spec="." args=[".",null]
8 verbose parsed url { protocol: null,
8 verbose parsed url   slashes: null,
8 verbose parsed url   auth: null,
8 verbose parsed url   host: null,
8 verbose parsed url   port: null,
8 verbose parsed url   hostname: null,
8 verbose parsed url   hash: null,
8 verbose parsed url   search: null,
8 verbose parsed url   query: null,
8 verbose parsed url   pathname: '.',
8 verbose parsed url   path: '.',
8 verbose parsed url   href: '.' }
9 silly lockFile 3a52ce78- .
10 verbose lock . C:\Users\HapiDev\AppData\Roaming\npm-cache\3a52ce78-.lock
11 verbose tar pack [ 'C:\\Users\\HapiDev\\AppData\\Roaming\\npm-cache\\unitOfMeasure-list\\0.0.3\\package.tgz',
11 verbose tar pack   '.' ]
12 verbose tarball C:\Users\HapiDev\AppData\Roaming\npm-cache\unitOfMeasure-list\0.0.3\package.tgz
13 verbose folder .
14 info prepublish unitOfMeasure-list@0.0.3
15 silly lockFile 1f1177db-tar tar://.
16 verbose lock tar://. C:\Users\HapiDev\AppData\Roaming\npm-cache\1f1177db-tar.lock
17 silly lockFile 88765221-OfMeasure-list-0-0-3-package-tgz tar://C:\Users\HapiDev\AppData\Roaming\npm-cache\unitOfMeasure-list\0.0.3\package.tgz
18 verbose lock tar://C:\Users\HapiDev\AppData\Roaming\npm-cache\unitOfMeasure-list\0.0.3\package.tgz C:\Users\HapiDev\AppData\Roaming\npm-cache\88765221-OfMeasure-list-0-0-3-package-tgz.lock
19 silly lockFile 1f1177db-tar tar://.
20 silly lockFile 1f1177db-tar tar://.
21 silly lockFile 88765221-OfMeasure-list-0-0-3-package-tgz tar://C:\Users\HapiDev\AppData\Roaming\npm-cache\unitOfMeasure-list\0.0.3\package.tgz
22 silly lockFile 88765221-OfMeasure-list-0-0-3-package-tgz tar://C:\Users\HapiDev\AppData\Roaming\npm-cache\unitOfMeasure-list\0.0.3\package.tgz
23 silly lockFile 0f8e5902-unitOfMeasure-list-0-0-3-package C:\Users\HapiDev\AppData\Roaming\npm-cache\unitOfMeasure-list\0.0.3\package
24 verbose lock C:\Users\HapiDev\AppData\Roaming\npm-cache\unitOfMeasure-list\0.0.3\package C:\Users\HapiDev\AppData\Roaming\npm-cache\0f8e5902-unitOfMeasure-list-0-0-3-package.lock
25 silly lockFile 0f8e5902-unitOfMeasure-list-0-0-3-package C:\Users\HapiDev\AppData\Roaming\npm-cache\unitOfMeasure-list\0.0.3\package
26 silly lockFile 0f8e5902-unitOfMeasure-list-0-0-3-package C:\Users\HapiDev\AppData\Roaming\npm-cache\unitOfMeasure-list\0.0.3\package
27 silly lockFile 3a52ce78- .
28 silly lockFile 3a52ce78- .
29 silly publish { name: 'unitOfMeasure-list',
29 silly publish   version: '0.0.3',
29 silly publish   description: 'codes to measure name and vice versa.',
29 silly publish   main: 'measure-list.js',
29 silly publish   directories: { test: 'test' },
29 silly publish   dependencies: {},
29 silly publish   devDependencies: { tap: '~0.4.8' },
29 silly publish   scripts: { test: 'tap test/*.js' },
29 silly publish   repository:
29 silly publish    { type: 'git',
29 silly publish      url: 'git://github.com/fannarsh/measure-list.git' },
29 silly publish   keywords: [ 'measure', 'measures' ],
29 silly publish   author: { name: 'sonipandey', email: 'sonipandey.71@gmail.com' },
29 silly publish   license: 'BSD',
29 silly publish   bugs: { url: 'https://github.com/pandeysoni/measure-list/issues' },
29 silly publish   homepage: 'https://github.com/pandeysoni/measure-list',
29 silly publish   _id: 'unitOfMeasure-list@0.0.3',
29 silly publish   _from: '.',
29 silly publish   _npmVersion: '1.3.21',
29 silly publish   _npmUser: { name: 'soni', email: 'sonipandey.71@gmail.com' },
29 silly publish   maintainers: [ { name: 'soni', email: 'soni' } ],
29 silly publish   _resolved: 'https://registry.npmjs.org/measure-list/-/measure-list-0.0.3.tgz',
29 silly publish   readme: 'country-list\n============\n\nMap codes to unit of measure names and vice versa.\n\nUses data from http://data.okfn.org/data/measure-list\n\n# example \n\n``` js\nvar measures = require(\'measure-list\')();\n\nconsole.log(measures.getName(\'LB\')); // Pound\nconsole.log(measures.getCode(\'Pound\')); // LB\n```\n\n# methods\n\nUsage:\n\n```\nvar measures = require(\'measure-list\')();\n```\nAll input is case-insensitive.\n\n## getName(code)\n.\nReturns the name for that unit of measure.\nIf not found, it returns `undefined`.\n\n## getCode(name)\n\nExpects the unit of measure name.\nReturns the code for that measure.\nIf not found, it returns `undefined`.\n\n## getNames()\n\nReturns an array of all measure names.\n\n## getCodes()\n\nReturns an array of all measure codes.\n\n## getData()\n\nReturns an array of all measure information, in the same format as it gets imported.\n\n# install\n\n``` cli\nnpm install measure-list\n```\n\n# license\n\nBSD\n',
29 silly publish   readmeFilename: 'README.md',
29 silly publish   _shasum: 'b74f603a78c2bb4cfecf82091ae7210a25b1c2f0' }
30 verbose request where is /unitOfMeasure-list
31 verbose request registry https://registry.npmjs.org/
32 verbose request id 8db14cf0b561da49
33 verbose url raw /unitOfMeasure-list
34 verbose url resolving [ 'https://registry.npmjs.org/', './unitOfMeasure-list' ]
35 verbose url resolved https://registry.npmjs.org/unitOfMeasure-list
36 verbose request where is https://registry.npmjs.org/unitOfMeasure-list
37 info trying registry request attempt 1 at 00:50:05
38 http PUT https://registry.npmjs.org/unitOfMeasure-list
39 http 403 https://registry.npmjs.org/unitOfMeasure-list
40 verbose headers { date: 'Thu, 13 Nov 2014 19:20:57 GMT',
40 verbose headers   server: 'CouchDB/1.5.0 (Erlang OTP/R16B03)',
40 verbose headers   'content-type': 'application/json',
40 verbose headers   'cache-control': 'max-age=60',
40 verbose headers   'content-length': '76',
40 verbose headers   'accept-ranges': 'bytes',
40 verbose headers   via: '1.1 varnish',
40 verbose headers   'x-served-by': 'cache-syd1622-SYD',
40 verbose headers   'x-cache': 'MISS',
40 verbose headers   'x-cache-hits': '0',
40 verbose headers   'x-timer': 'S1415906457.523532,VS0,VE191',
40 verbose headers   'keep-alive': 'timeout=10, max=50',
40 verbose headers   connection: 'Keep-Alive' }
41 error publish Failed PUT 403
42 error Error: forbidden New packages must have all-lowercase names: unitOfMeasure-list
42 error     at RegClient.<anonymous> (C:\Program Files\nodejs\node_modules\npm\node_modules\npm-registry-client\lib\request.js:300:14)
42 error     at Request._callback (C:\Program Files\nodejs\node_modules\npm\node_modules\npm-registry-client\lib\request.js:238:65)
42 error     at Request.self.callback (C:\Program Files\nodejs\node_modules\npm\node_modules\request\request.js:123:22)
42 error     at Request.emit (events.js:98:17)
42 error     at Request.<anonymous> (C:\Program Files\nodejs\node_modules\npm\node_modules\request\request.js:893:14)
42 error     at Request.emit (events.js:117:20)
42 error     at IncomingMessage.<anonymous> (C:\Program Files\nodejs\node_modules\npm\node_modules\request\request.js:844:12)
42 error     at IncomingMessage.emit (events.js:117:20)
42 error     at _stream_readable.js:943:16
42 error     at process._tickCallback (node.js:419:13)
43 error If you need help, you may report this *entire* log,
43 error including the npm and node versions, at:
43 error     <http://github.com/npm/npm/issues>
44 error System Windows_NT 6.1.7600
45 error command "C:\\Program Files\\nodejs\\\\node.exe" "C:\\Program Files\\nodejs\\node_modules\\npm\\bin\\npm-cli.js" "publish"
46 error cwd D:\measure-list
47 error node -v v0.10.31
48 error npm -v 1.4.23
49 verbose exit [ 1, true ]
